ドキドキ！プリキュア 最終回 ★9
ドキドキ！プリキュア 最終回 ★9
ドキドキ！プリキュア 最終回 ★8
ドキドキ！プリキュア 最終回 ★7
ドキドキ！プリキュア 最終回(第49話)★10
ドキドキ！プリキュア 最終回 ★6
ドキドキ！プリキュア 最終回 ★5
ドキドキ！プリキュア 最終回 ★4
ドキドキ！プリキュア 最終回 ★3
ドキドキ！プリキュア 最終回 ★2
ドキドキ！プリキュア 最終回 ★1
ドキドキ！プリキュア 第48話 ★8
ドキドキ！プリキュア 第48話 ★7
ドキドキ！プリキュア 第48話 ★5
ドキドキ！プリキュア 第48話 ★6
ドキドキ！プリキュア 第48話 ★4
ドキドキ！プリキュア 第48話 ★3
ドキドキ！プリキュア 第48話 ★2
ドキドキ！プリキュア 第48話 ★1
ドキドキ！プリキュア 第47話 ★8
ドキドキ！プリキュア 第47話 ★6
ドキドキ！プリキュア 第47話 ★7
ドキドキ！プリキュア 第47話 ★5
ドキドキ！プリキュア 第47話 ★4
ドキドキ！プリキュア 第47話 ★3
ドキドキ！プリキュア 第47話 ★2
ドキドキ！プリキュア 第47話 ★1
ドキドキ！プリキュア 第46話 ★6
ドキドキ！プリキュア 第46話 ★7
ドキドキ！プリキュア 第46話 ★5
ドキドキ！プリキュア 第46話 ★4
ドキドキ！プリキュア 第46話 ★3
ドキドキ！プリキュア 第46話 ★2
ドキドキ！プリキュア 第46話 ★1
ドキドキ！プリキュア 第46話 ★1
ドキドキ！プリキュア 第45話 ★6
ドキドキ！プリキュア 第45話 ★7
ドキドキ！プリキュア 第45話 ★5
ドキドキ！プリキュア 第45話 ★4
ドキドキ！プリキュア 第45話 ★3
ドキドキ！プリキュア 第45話 ★2
ドキドキ！プリキュア 第45話 ★1
ドキドキ！プリキュア 第44話 ★5
ドキドキ！プリキュア 第44話 ★7
ドキドキ！プリキュア 第44話 ★6修正
ドキドキ！プリキュア 第44話 ★3
ドキドキ！プリキュア 第44話 ★4修正
ドキドキ！プリキュア 第44話 ★2
ドキドキ！プリキュア 第44話 ★2
ドキドキ！プリキュア 第44話 ★1
ドキドキ！プリキュア 第43話 ★6
ドキドキ！プリキュア 第43話 ★7
ドキドキ！プリキュア 第43話 ★5
ドキドキ！プリキュア 第43話 ★4
ドキドキ！プリキュア 第43話 ★3
ドキドキ！プリキュア 第43話 ★2
ドキドキ！プリキュア 第43話 ★1
ドキドキ！プリキュア 第42話 ★8修正
ドキドキ！プリキュア 第42話 ★5
ドキドキ！プリキュア 第42話 ★6修正
ドキドキ！プリキュア 第42話 ★3
ドキドキ！プリキュア 第42話 ★4
ドキドキ！プリキュア 第42話 ★2
ドキドキ！プリキュア 第42話 ★2
ドキドキ！プリキュア 第42話 ★1
ドキドキ！プリキュア 第42話  ★1
ドキドキ！プリキュア 第41話 ★6
ドキドキ！プリキュア 第41話 ★7
ドキドキ！プリキュア 第41話 ★5
ドキドキ！プリキュア 第41話 ★4
ドキドキ！プリキュア 第41話 ★3
ドキドキ！プリキュア 第41話 ★3
ドキドキ！プリキュア 第41話 ★2
ドキドキ！プリキュア 第41話 ★1
ドキドキ！プリキュア 第40話 ★8
ドキドキ！プリキュア 第40話 ★6
ドキドキ！プリキュア 第40話 ★7
ドキドキ！プリキュア 第40話 ★5
ドキドキ！プリキュア 第40話 ★4
ドキドキ！プリキュア 第40話 ★3
ドキドキ！プリキュア 第40話 ★2
ドキドキ！プリキュア 第40話 ★1
ドキドキ！プリキュア 第40話 ★1
ドキドキ！プリキュア 第40話 ★1
ドキドキ！プリキュア 第39話 ★8
ドキドキ！プリキュア 第39話 ★6
ドキドキ！プリキュア 第39話 ★7
ドキドキ！プリキュア 第39話 ★5
ドキドキ！プリキュア 第39話 ★4
ドキドキ！プリキュア 第39話 ★3
ドキドキ！プリキュア 第39話 ★2
ドキドキ！プリキュア 第39話 ★1
ドキドキ！プリキュア 第39話 ★1
ドキドキ！プリキュア 第38話 ★7
ドキドキ！プリキュア 第38話 ★5
ドキドキ！プリキュア 第38話 ★4
ドキドキ！プリキュア 第38話 ★3
ドキドキ！プリキュア 第38話 ★3
ドキドキ！プリキュア 第38話 ★2
ドキドキ！プリキュア 第38話 ★1
ドキドキ！プリキュア 第38話 ★1
ドキドキ！プリキュア 第37話 ★7
ドキドキ！プリキュア 第37話 ★8
ドキドキ！プリキュア 第37話 ★6
ドキドキ！プリキュア 第37話 ★5
ドキドキ！プリキュア 第37話 ★4
ドキドキ！プリキュア 第37話 ★3
ドキドキ！プリキュア 第37話 ★2
ドキドキ！プリキュア 第37話 ★1
ドキドキ！プリキュア 第37話 ★1
ドキドキ！プリキュア 第37話  ★1
ドキドキ！プリキュア 第36話 ★8
ドキドキ！プリキュア 第36話 ★7
ドキドキ！プリキュア 第36話 ★6
ドキドキ！プリキュア 第36話 ★5
ドキドキ！プリキュア 第36話 ★4
ドキドキ！プリキュア 第36話 ★3
ドキドキ！プリキュア 第36話 ★2
ドキドキ！プリキュア 第36話 ★1
ドキドキ！プリキュア 第35話 ★9
ドキドキ！プリキュア 第35話 ★8
ドキドキ！プリキュア 第35話 ★7
ドキドキ！プリキュア 第35話 ★6
ドキドキ！プリキュア 第35話 ★5
ドキドキ！プリキュア 第35話 ★4
ドキドキ！プリキュア 第35話 ★3
ドキドキ！プリキュア 第35話 ★2
ドキドキ！プリキュア 第35話 ★1
ドキドキ！プリキュア 第34話 ★7
ドキドキ！プリキュア 第34話 ★6
ドキドキ！プリキュア 第34話 ★5
ドキドキ！プリキュア 第34話 ★5
ドキドキ！プリキュア 第34話 ★4
ドキドキ！プリキュア 第34話 ★3
ドキドキ！プリキュア 第34話 ★2
ドキドキ！プリキュア 第34話 ★1
ドキドキ！プリキュア 第34話 ★1
ドキドキ！プリキュア 第33話 ★9
ドキドキ！プリキュア 第33話 ★8
ドキドキ！プリキュア 第33話 ★7
ドキドキ！プリキュア 第33話 ★6
ドキドキ！プリキュア 第33話 ★5
ドキドキ！プリキュア 第33話 ★4
ドキドキ！プリキュア 第33話 ★3
ドキドキ！プリキュア 第33話 ★2
ドキドキ！プリキュア 第33話 ★1
ドキドキ！プリキュア 第33話 ★1
ドキドキ！プリキュア 第32話 ★9
ドキドキ！プリキュア 第32話 ★6
ドキドキ！プリキュア 第32話 ★8
ドキドキ！プリキュア 第32話 ★7
ドキドキ！プリキュア 第32話 ★5
ドキドキ！プリキュア 第32話 ★4
ドキドキ！プリキュア 第32話 ★3
ドキドキ！プリキュア 第32話 ★2
ドキドキ！プリキュア 第32話 ★1
ドキドキ！プリキュア 第31話 ★1
ドキドキ！プリキュア 第31話 ★9
ドキドキ！プリキュア 第31話 ★8
ドキドキ！プリキュア 第31話 ★6
ドキドキ！プリキュア 第31話 ★7
ドキドキ！プリキュア 第31話 ★5
ドキドキ！プリキュア 第31話 ★4
ドキドキ！プリキュア 第31話 ★3
ドキドキ！プリキュア 第31話 ★2
ドキドキ！プリキュア 第31話 ★2
ドキドキ！プリキュア 第31話 ★1
ドキドキ！プリキュア 第31話 ★1
ドキドキ！プリキュア 第31話★1
ドキドキ！プリキュア 第31話 ★1
ドキドキ！プリキュア 第30話 ★9
ドキドキ！プリキュア 第30話 ★6
ドキドキ！プリキュア 第30話 ★2
ドキドキ！プリキュア 第30話 ★7
ドキドキ！プリキュア 第30話 ★5
ドキドキ！プリキュア 第30話 ★4
ドキドキ！プリキュア 第30話 ★3
ドキドキ！プリキュア 第30話 ★2
ドキドキ！プリキュア 第30話 ★1
ドキドキ！プリキュア 第30話 ★1
ドキドキ！プリキュア 第29話 ★8
ドキドキ！プリキュア 第29話 ★7
ドキドキ！プリキュア 第29話 ★6
ドキドキ！プリキュア 第29話 ★5
ドキドキ！プリキュア 第29話 ★4
ドキドキ！プリキュア 第29話 ★3
ドキドキ！プリキュア 第29話 ★2
ドキドキ！プリキュア 第29話 ★1
ドキドキ！プリキュア 第29話 ★1
ドキドキ！プリキュア 第29話 ★1
ドキドキ！プリキュア 第28話 ★7
ドキドキ！プリキュア 第28話 ★8
ドキドキ！プリキュア 第28話 ★6
ドキドキ！プリキュア 第28話 ★5
ドキドキ！プリキュア 第28話 ★4
ドキドキ！プリキュア 第28話 ★3
ドキドキ！プリキュア 第28話 ★2
ドキドキ！プリキュア 第28話 ★1
ドキドキ！プリキュア 第28話 ★1
ドキドキ！プリキュア 第28話 ★1
ドキドキ！プリキュア 第28話 ★1
ドキドキ！プリキュア 第27話 ★9
ドキドキ！プリキュア 第27話 ★8
ドキドキ！プリキュア 第27話 ★7
ドキドキ！プリキュア 第27話 ★6
ドキドキ！プリキュア 第27話 ★5
ドキドキ！プリキュア 第27話 ★4
ドキドキ！プリキュア 第27話 ★3
ドキドキ！プリキュア 第27話 ★2
ドキドキ！プリキュア 第27話 ★1
ドキドキ！プリキュア 第27話 ★1
ドキドキ！プリキュア 第26話 ★8
ドキドキ！プリキュア 第26話 ★7
ドキドキ！プリキュア 第26話 ★6
ドキドキ！プリキュア 第26話 ★5
ドキドキ！プリキュア 第26話 ★4
ドキドキ！プリキュア 第26話 ★3
ドキドキ！プリキュア 第26話 ★2
ドキドキ！プリキュア 第26話 ★1
ドキドキ！プリキュア 第26話 ★1
ドキドキ！プリキュア 第25話 ★9
ドキドキ！プリキュア 第25話 ★8
ドキドキ！プリキュア 第25話 ★7
ドキドキ！プリキュア 第25話 ★6
ドキドキ！プリキュア 第25話 ★5
ドキドキ！プリキュア 第25話 ★4
ドキドキ！プリキュア 第25話 ★3
ドキドキ！プリキュア 第25話 ★2
ドキドキ！プリキュア 第25話 ★1
ドキドキ！プリキュア 第25話 ★1
ドキドキ！プリキュア 第24話 ★9
ドキドキ！プリキュア 第24話 ★8
ドキドキ！プリキュア 第24話 ★7
ドキドキ！プリキュア 第24話 ★6
ドキドキ！プリキュア 第24話 ★5
ドキドキ！プリキュア 第24話 ★4
ドキドキ！プリキュア 第24話 ★3
ドキドキ！プリキュア 第24話 ★2
ドキドキ！プリキュア 第24話 ★1
ドキドキ！プリキュア 第23話 ★9
ドキドキ！プリキュア 第23話 ★8
ドキドキ！プリキュア 第23話 ★7
ドキドキ！プリキュア 第23話 ★6
ドキドキ！プリキュア 第23話 ★5
ドキドキ！プリキュア 第23話 ★4
ドキドキ！プリキュア 第23話 ★3
ドキドキ！プリキュア 第23話 ★2
ドキドキ！プリキュア 第23話 ★1
ドキドキ！プリキュア 第23話 ★1
ドキドキ！プリキュア 第22話 ★10
ドキドキ！プリキュア 第22話 ★9
ドキドキ！プリキュア 第22話 ★8
ドキドキ！プリキュア 第22話 ★6
ドキドキ！プリキュア 第22話 ★7
ドキドキ！プリキュア 第22話 ★5
ドキドキ！プリキュア 第22話 ★4
ドキドキ！プリキュア 第22話 ★3
ドキドキ！プリキュア 第22話 ★2
ドキドキ！プリキュア 第22話 ★1
ドキドキ！プリキュア 第21話 ★8
ドキドキ！プリキュア 第21話 ★6
ドキドキ！プリキュア 第21話 ★7
ドキドキ！プリキュア 第21話 ★5
ドキドキ！プリキュア 第21話 ★4
ドキドキ！プリキュア 第21話 ★3
ドキドキ！プリキュア 第21話 ★2
ドキドキ！プリキュア 第21話 ★1
【マターリ】ドキドキ！プリキュア 第20話 【sage】☆2
ドキドキ！プリキュア 第20話 ★9
ドキドキ！プリキュア 第20話 ★8
ドキドキ！プリキュア 第20話 ★7
ドキドキ！プリキュア 第20話 ★6
ドキドキ！プリキュア 第20話 ★5
ドキドキ！プリキュア 第20話 ★4
ドキドキ！プリキュア 第20話 ★3
ドキドキ！プリキュア 第20話 ★2
【マターリ】ドキドキ！プリキュア 第20話 【sage】
ドキドキ！プリキュア 第20話 ★1
ドキドキ！プリキュア 第20話 ★1
ドキドキ！プリキュア 第19話 ★8
ドキドキ！プリキュア 第19話 ★7
ドキドキ！プリキュア 第19話 ★6
ドキドキ！プリキュア 第19話 ★5
ドキドキ！プリキュア 第19話 ★4
ドキドキ！プリキュア 第19話 ★3
ドキドキ！プリキュア 第19話 ★2
ドキドキ！プリキュア 第19話 ★1
ドキドキ！プリキュア 第18話 ★7
ドキドキ！プリキュア 第18話 ★3
ドキドキ！プリキュア 第18話 ★6
ドキドキ！プリキュア 第18話 ★5
ドキドキ！プリキュア 第18話 ★4
ドキドキ！プリキュア 第18話 ★2
ドキドキ！プリキュア 第18話 ★3
ドキドキ！プリキュア 第18話 ★1
ドキドキ！プリキュア 第17話 ★7
ドキドキ！プリキュア 第17話 ★6
ドキドキ！プリキュア 第17話 ★5
ドキドキ！プリキュア 第17話 ★4
ドキドキ！プリキュア 第17話 ★2
ドキドキ！プリキュア 第17話 ★3
ドキドキ！プリキュア 第17話 ★1
ドキドキ！プリキュア 第16話 ★7
ドキドキ！プリキュア 第16話 ★6
ドキドキ！プリキュア 第16話 ★5
ドキドキ！プリキュア 第16話 ★4
ドキドキ！プリキュア 第16話 ★3
ドキドキ！プリキュア 第16話 ★2
ドキドキ！プリキュア 第16話 ★1
ドキドキ！プリキュア 第15話 ★6
ドキドキ！プリキュア 第15話 ★5
ドキドキ！プリキュア 第15話 ★4
ドキドキ！プリキュア 第15話 ★3
ドキドキ！プリキュア 第15話 ★2
ドキドキ！プリキュア 第15話 ★1
ドキドキ！プリキュア 第14話 ★7
ドキドキ！プリキュア 第14話 ★6
ドキドキ！プリキュア 第14話 ★5
ドキドキ！プリキュア 第14話 ★4
ドキドキ！プリキュア 第14話 ★3
ドキドキ！プリキュア 第14話 ★2
ドキドキ！プリキュア 第14話 ★1
ドキドキ！プリキュア 第13話 ★3
ドキドキ！プリキュア 第13話 ★5
ドキドキ！プリキュア 第13話 ★4　※修正
ドキドキ！プリキュア 第13話 ★2
ドキドキ！プリキュア 第13話 ★2
ドキドキ！プリキュア 第13話 ★1
ドキドキ！プリキュア 第13話 ★1
ドキドキ！プリキュア 第12話 ★9
ドキドキ！プリキュア 第12話 ★10
ドキドキ！プリキュア 第12話 ★8
ドキドキ！プリキュア 第12話 ★7
ドキドキ！プリキュア 第12話 ★6
ドキドキ！プリキュア 第12話 ★5
ドキドキ！プリキュア 第12話 ★4
ドキドキ！プリキュア 第12話 ★3
ドキドキ！プリキュア 第12話 ★2
ドキドキ！プリキュア 第12話 ★1
ドキドキ！プリキュア 第11話 Part8
ドキドキ！プリキュア 第11話 Part10
ドキドキ！プリキュア 第11話 Part9
ドキドキ！プリキュア 第11話 Part8
ドキドキ！プリキュア 第11話 Part7
ドキドキ！プリキュア 第11話 Part7
ドキドキ！プリキュア 第11話 Part6
ドキドキ！プリキュア 第11話 Part5
ドキドキ！プリキュア 第11話 Part4
ドキドキ！プリキュア 第11話 Part3
ドキドキ！プリキュア 第11話 Part2
ドキドキ！プリキュア 第11話 Part1
ドキドキ！プリキュア 第10話 ★11
ドキドキ！プリキュア 第10話 ★3
ドキドキ！プリキュア 第10話 ★10
ドキドキ！プリキュア 第10話 ★9
ドキドキ！プリキュア 第10話 ★6
ドキドキ！プリキュア 第10話 ★8
ドキドキ！プリキュア 第10話 ★7
ドキドキ！プリキュア 第10話 ★5
ドキドキ！プリキュア 第10話 ★4
ドキドキ！プリキュア 第10話 ★3
ドキドキ！プリキュア 第10話 ★2
ドキドキ！プリキュア 第10話 ★1
ドキドキ！プリキュア 第9話 ★10
ドキドキ！プリキュア 第9話 ★9
ドキドキ！プリキュア 第9話 ★7
ドキドキ！プリキュア 第9話 ★8
ドキドキ！プリキュア 第9話 ★6
ドキドキ！プリキュア 第9話 ★5
ドキドキ！プリキュア 第9話 ★4
ドキドキ！プリキュア 第9話 ★3
ドキドキ！プリキュア 第9話 ★2
ドキドキ！プリキュア 第9話 ★1
ドキドキ！プリキュア 第8話 ★9
ドキドキ！プリキュア 第8話 ★11
ドキドキ！プリキュア 第8話 ★10
ドキドキ！プリキュア 第8話 ★7
ドキドキ！プリキュア 第8話 ★9
ドキドキ！プリキュア 第8話 ★8
ドキドキ！プリキュア 第8話 ★6
ドキドキ！プリキュア 第8話 ★5
ドキドキ！プリキュア 第8話 ★4
ドキドキ！プリキュア 第8話 ★3
ドキドキ！プリキュア 第8話 ★2
ドキドキ！プリキュア 第8話 ★1
ドキドキ！プリキュア 第7話 ★12
ドキドキ！プリキュア 第7話 ★11
ドキドキ！プリキュア 第7話 ★10
ドキドキ！プリキュア 第7話 ★9
ドキドキ！プリキュア 第7話 ★8
ドキドキ！プリキュア 第7話 ★7
ドキドキ！プリキュア 第7話 ★6
ドキドキ！プリキュア 第7話 ★5
ドキドキ！プリキュア 第7話 ★4
ドキドキ！プリキュア 第7話 ★3
ドキドキ！プリキュア 第7話 ★2
ドキドキ！プリキュア 第7話 ★1
ドキドキ！プリキュア 第6話 ★13
ドキドキ！プリキュア 第6話 ★12
ドキドキ！プリキュア 第6話 ★11
ドキドキ！プリキュア 第6話 ★8
ドキドキ！プリキュア 第6話 ★10
ドキドキ！プリキュア 第6話 ★9
ドキドキ！プリキュア 第6話 ★7
ドキドキ！プリキュア 第6話 ★6
ドキドキ！プリキュア 第6話 ★5
ドキドキ！プリキュア 第6話 ★4
ドキドキ！プリキュア 第6話 ★3
ドキドキ！プリキュア 第6話 ★2
ドキドキ！プリキュア 第6話 ★1
ドキドキ！プリキュア 第5話 ★10
ドキドキ！プリキュア 第5話 ★3
ドキドキ！プリキュア 第5話 ★11
ドキドキ！プリキュア 第5話 ★11
ドキドキ！プリキュア 第5話 ★10
ドキドキ！プリキュア 第5話 ★9
ドキドキ！プリキュア 第5話 ★8
ドキドキ！プリキュア 第5話 ★7
ドキドキ！プリキュア 第5話 ★6
ドキドキ！プリキュア 第5話 ★5
ドキドキ！プリキュア 第5話 ★4
ドキドキ！プリキュア 第5話 ★3
ドキドキ！プリキュア 第5話 ★2
ドキドキ！プリキュア 第5話 ★1
ドキドキ！プリキュア 第5話 ★1
ドキドキ！プリキュア 第4話 ★12
ドキドキ！プリキュア 第4話 ★4
ドキドキ！プリキュア 第4話 ★11
ドキドキ！プリキュア 第4話 ★10
ドキドキ！プリキュア 第4話 ★9
ドキドキ！プリキュア 第4話 ★9
ドキドキ！プリキュア 第4話 ★8
ドキドキ！プリキュア 第4話 ★7
ドキドキ！プリキュア 第4話 ★6
ドキドキ！プリキュア 第4話 ★5
ドキドキ！プリキュア 第4話 ★4
ドキドキ！プリキュア 第4話 ★3
ドキドキ！プリキュア 第4話 ★2
ドキドキ！プリキュア 第4話 ★1
ドキドキ！プリキュア 第3話 ★11
ドキドキ！プリキュア 第3話 ★10
ドキドキ！プリキュア 第3話 ★9
ドキドキ！プリキュア 第3話 ★8
ドキドキ！プリキュア 第3話 ★7
ドキドキ！プリキュア 第3話 ★7
ドキドキ！プリキュア 第3話 ★6
ドキドキ！プリキュア 第3話 ★2
ドキドキ！プリキュア 第3話 ★5
ドキドキ！プリキュア 第3話 ★4
ドキドキ！プリキュア 第3話 ★3
ドキドキ！プリキュア 第3話 ★2
ドキドキ！プリキュア 第3話 ★1
ドキドキ！プリキュア 第2話 ★13
ドキドキ！プリキュア 第2話 ★12
ドキドキ！プリキュア 第2話 ★14
ドキドキ！プリキュア 第2話 ★14
ドキドキ！プリキュア 第2話 ★12
ドキドキ！プリキュア 第2話 ★11
ドキドキ！プリキュア 第2話 ★10
ドキドキ！プリキュア 第2話 ★9
ドキドキ！プリキュア 第2話 ★8
ドキドキ！プリキュア 第2話 ★7
ドキドキ！プリキュア 第2話 ★6
ドキドキ！プリキュア 第2話 ★5
ドキドキ！プリキュア 第2話 ★4
ドキドキ！プリキュア 第2話 ★3
ドキドキ！プリキュア 第2話 ★2
ドキドキ！プリキュア 第2話 ★1
ドキドキ！プリキュア 反省会
ドキドキ！プリキュア 第1話 ★11
ドキドキ！プリキュア 第1話 ★18
ドキドキ！プリキュア 第1話 ★17
ドキドキ！プリキュア 第1話 ★16
ドキドキ！プリキュア 第1話 ★15
ドキドキ！プリキュア 第1話 ★13
ドキドキ！プリキュア 第1話 ★14
ドキドキ！プリキュア 第1話 ★11
ドキドキ！プリキュア 第1話 ★デス13
ドキドキ！プリキュア 第1話 ★12
ドキドキ！プリキュア 第1話 ★5
ドキドキ！プリキュア 第1話 ★6
ドキドキ！プリキュア 第1話 ★11
ドキドキ！プリキュア 第1話 ★10
ドキドキ！プリキュア 第1話 ★9
ドキドキ！プリキュア 第1話 ★9
ドキドキ！プリキュア 第1話 ★8
ドキドキ！プリキュア 第1話 ★7
ドキドキ！プリキュア 第1話 ★6
ドキドキ！プリキュア 第1話 ★5
ドキドキ！プリキュア 第1話 ★4
ドキドキ！プリキュア 第1話 ★3
ドキドキ！プリキュア 第1話 ★2
ドキドキ！プリキュア 第1話 ★1
