Go!プリンセスプリキュア 第3話 part4 [転載禁止]&copy;2ch.net	
Go!プリンセスプリキュア 第3話 part1 [転載禁止]&copy;2ch.net	
Gプリンセスプリキュア 第21話 ★8 [転載禁止]&copy;2ch.net	
Gプリンセスプリキュア 第21話 ★7 [転載禁止]&copy;2ch.net	
Gプリンセスプリキュア 第21話 ★6 [転載禁止]&copy;2ch.net	
Gプリンセスプリキュア 第21話 ★5 [転載禁止]&copy;2ch.net	
Gプリンセスプリキュア 第21話 ★4 [転載禁止]&copy;2ch.net	
Gプリンセスプリキュア 第21話 ★3 [転載禁止]&copy;2ch.net	
Gプリンセスプリキュア 第21話 ★2 [転載禁止]&copy;2ch.net	
Go!プリンセスプリキュア 第21話 ★1 [転載禁止]&copy;2ch.net	
Go!プリンセスプリキュア 第21話★2 [転載禁止]&copy;2ch.net	
Go!プリンセスプリキュア 第21話★1 [転載禁止]&copy;2ch.net	
goプリンセスプリキュア20話★8 [転載禁止]&copy;2ch.net	
GO！プリンセスプリキュア 第20話 ★8 [転載禁止]&copy;2ch.net	
GO！プリンセスプリキュア 第20話 ★7 [転載禁止]&copy;2ch.net	
GO！プリンセスプリキュア 第20話 ★6 [転載禁止]&copy;2ch.net	
GO！プリンセスプリキュア 第20話 ★5 [転載禁止]&copy;2ch.net	
goプリンセスプリキュア20話★4 [転載禁止]&copy;2ch.net	
goプリンセスプリキュア20話★3 [転載禁止]&copy;2ch.net	
goプリンセスプリキュア20話★2 [転載禁止]&copy;2ch.net	
goプリンセスプリキュア20話 [転載禁止]&copy;2ch.net	
goプリンセスプリキュア 20話 [転載禁止]&copy;2ch.net	
Go!プリンセスプリキュア [転載禁止]&copy;2ch.net	
Go!プリンセスプリキュア 第19話 ★8 [転載禁止]&copy;2ch.net	
Go!プリンセスプリキュア 第19話 ★7 [転載禁止]&copy;2ch.net	
Go!プリンセスプリキュア 第19話 ★6 [転載禁止]&copy;2ch.net	
Go!プリンセスプリキュア 第19話 ★5 [転載禁止]&copy;2ch.net	
Go!プリンセスプリキュア 第19話 ★4 [転載禁止]&copy;2ch.net	
Go!プリンセスプリキュア 第19話 ★3 [転載禁止]&copy;2ch.net	
Go!プリンセスプリキュア 第19話 ★2 [転載禁止]&copy;2ch.net	
Go!プリンセスプリキュア 第19話 ★1　　　　&copy;2ch.net	
Go!プリンセスプリキュア 第18話 ★5 [転載禁止]&copy;2ch.net	
Go!プリンセスプリキュア 第18話 ★8 [転載禁止]&copy;2ch.net	
Go!プリンセスプリキュア 第18話 ★7　 [転載禁止]&copy;2ch.net	
Go!プリンセスプリキュア 第18話 ★6 [転載禁止]&copy;2ch.net	
Go!プリンセスプリキュア 第18話 ★5 [転載禁止]&copy;2ch.net	
Go!プリンセスプリキュア 第18話 ★4 [転載禁止]&copy;2ch.net	
Go!プリンセスプリキュア 第18話 ★3 [転載禁止]&copy;2ch.net	
Go!プリンセスプリキュア 第18話 ★2 [転載禁止]&copy;2ch.net	
Go!プリンセスプリキュア 第18話 ★1　　　&copy;2ch.net	
Go!プリンセスプリキュア 第17話 ★8 [転載禁止]&copy;2ch.net	
Go!プリンセスプリキュア 第17話 ★7 [転載禁止]&copy;2ch.net	
Go!プリンセスプリキュア 第17話 ★6 [転載禁止]&copy;2ch.net	
Go!プリンセスプリキュア 第17話 ★5 [転載禁止]&copy;2ch.net	
Go!プリンセスプリキュア 第17話 ★4 [転載禁止]&copy;2ch.net	
Go!プリンセスプリキュア 第17話 ★3 [転載禁止]&copy;2ch.net	
Go!プリンセスプリキュア 第17話 ★2 [転載禁止]&copy;2ch.net	
Go!プリンセスプリキュア 第17話 ★1　&copy;2ch.net	
Go!プリンセスプリキュア 第16話 ★7 [転載禁止]&copy;2ch.net	
Go!プリンセスプリキュア 第16話 ★8 [転載禁止]&copy;2ch.net	
Go!プリンセスプリキュア 第16話 ★9 [転載禁止]&copy;2ch.net	
Go!プリンセスプリキュア 第16話 ★8 [転載禁止]&copy;2ch.net	
Go!プリンセスプリキュア 第16話 ★7 [転載禁止]&copy;2ch.net	
Go!プリンセスプリキュア 第16話 ★6 [転載禁止]&copy;2ch.net	
Go!プリンセスプリキュア 第16話 ★5 [転載禁止]&copy;2ch.net	
Go!プリンセスプリキュア 第16話 ★4 [転載禁止]&copy;2ch.net	
Go!プリンセスプリキュア 第16話 ★3 [転載禁止]&copy;2ch.net	
Go!プリンセスプリキュア 第16話 ★2 [転載禁止]&copy;2ch.net	
プリンセスプリキュア 16話 [転載禁止]&copy;2ch.net	
Go!プリンセスプリキュア 第16話 ★1&copy;2ch.net	
Go!プリンセスプリキュア 第15話☆8 [転載禁止]&copy;2ch.net	
Go!プリンセスプリキュア 第15話☆7 [転載禁止]&copy;2ch.net	
Go!プリンセスプリキュア 第15話☆6 [転載禁止]&copy;2ch.net	
Go!プリンセスプリキュア 第15話☆5 [転載禁止]&copy;2ch.net	
Go!プリンセスプリキュア 第15話☆4 [転載禁止]&copy;2ch.net	
Go!プリンセスプリキュア 第15話☆3 [転載禁止]&copy;2ch.net	
Go!プリンセスプリキュア 第15話☆2 [転載禁止]&copy;2ch.net	
Go!プリンセスプリキュア 第15話 ★1&copy;2ch.net	
Go!プリンセスプリキュア 第14話 ★8 [転載禁止]&copy;2ch.net	
Go!プリンセスプリキュア 第14話 ★7 [転載禁止]&copy;2ch.net	
Go!プリンセスプリキュア 第14話 ★6 [転載禁止]&copy;2ch.net	
Go!プリンセスプリキュア 第14話 ★5 [転載禁止]&copy;2ch.net	
Go!プリンセスプリキュア 第14話 ★4 [転載禁止]&copy;2ch.net	
Go!プリンセスプリキュア 第14話 ★3 [転載禁止]&copy;2ch.net	
Go!プリンセスプリキュア 第14話 ★2 [転載禁止]&copy;2ch.net	
Go!プリンセスプリキュア 第14話 ★1　&copy;2ch.net	
goプリンセスプリキュア#14 part1 [転載禁止]&copy;2ch.net	
プリンセスプリキュア 13わ★9 [転載禁止]&copy;2ch.net	
プリンセスプリキュア 13わ★8 [転載禁止]&copy;2ch.net	
プリンセスプリキュア 13わ★7 [転載禁止]&copy;2ch.net	
プリンセスプリキュア 13わ★6 [転載禁止]&copy;2ch.net	
プリンセスプリキュア 13わ★5 [転載禁止]&copy;2ch.net	
プリンセスプリキュア 13わ★4 [転載禁止]&copy;2ch.net	
プリンセスプリキュア 13わ★3 [転載禁止]&copy;2ch.net	
プリンセスプリキュア 13わ★2 [転載禁止]&copy;2ch.net	
プリンセスプリキュア 13わ [転載禁止]&copy;2ch.net	
プリンセスプリキュア 13わ [転載禁止]&copy;2ch.net	
プリンセスプリキュア 13わ [転載禁止]&copy;2ch.net	
Go!プリンセスプリキュア 第12話@8　&copy;2ch.net	
Go!プリンセスプリキュア 第12話@7 [転載禁止]&copy;2ch.net	
Go!プリンセスプリキュア 第12話@6 [転載禁止]&copy;2ch.net	
Go!プリンセスプリキュア 第12話@5 [転載禁止]&copy;2ch.net	
Go!プリンセスプリキュア 第12話@4 [転載禁止]&copy;2ch.net	
Go!プリンセスプリキュア 第12話@3 [転載禁止]&copy;2ch.net	
Go!プリンセスプリキュア 第12話@2 [転載禁止]&copy;2ch.net	
Go!プリンセスプリキュア 第12話 ★1　　　　　　　&copy;2ch.net	
Go!プリンセスプリキュア 第11話 ★8 [転載禁止]&copy;2ch.net	
Go!プリンセスプリキュア 第11話 ★2 [転載禁止]&copy;2ch.net	
プリンセスプリキュア 第11話☆4 [転載禁止]&copy;2ch.net	
Go!プリンセスプリキュア 第11話 ☆7 [転載禁止]&copy;2ch.net	
プリンセスプリキュア 第11話 ☆5 [転載禁止]&copy;2ch.net	
Go!プリンセスプリキュア 第11話 ★6 [転載禁止]&copy;2ch.net	
Go!プリンセスプリキュア 第11話 ★5 [転載禁止]&copy;2ch.net	
Go!プリンセスプリキュア 第11話 ★4 [転載禁止]&copy;2ch.net	
プリンセスプリキュア 第11話☆3 [転載禁止]&copy;2ch.net	
プリンセスプリキュア 第11話☆2 [転載禁止]&copy;2ch.net	
Go!プリンセスプリキュア 第11話 ★1　　　　　&copy;2ch.net	
プリンセスプリキュア #11◇1 [転載禁止]&copy;2ch.net	
プリンセスプリキュア 10話◆8 [転載禁止]&copy;2ch.net	
プリンセスプリキュア 10話◆7 [転載禁止]&copy;2ch.net	
プリンセスプリキュア 10話◆6　　 [転載禁止]&copy;2ch.net	
プリンセスプリキュア 10話◆5　　 [転載禁止]&copy;2ch.net	
プリンセスプリキュア 10話◆4　 [転載禁止]&copy;2ch.net	
プリンセスプリキュア 10話◆3 [転載禁止]&copy;2ch.net	
プリンセスプリキュア 10話◆2 [転載禁止]&copy;2ch.net	
プリンセスプリキュア 10話◆1 [転載禁止]&copy;2ch.net	
プリンセスプリキュア 10話◆1 [転載禁止]&copy;2ch.net	
Go!プリンセスプリキュア 第9話☆7 [転載禁止]&copy;2ch.net	
Go!プリンセスプリキュア 第9話☆8 [転載禁止]&copy;2ch.net	
Go!プリンセスプリキュア 第9話☆7 [転載禁止]&copy;2ch.net	
Go!プリンセスプリキュア 第9話☆6 [転載禁止]&copy;2ch.net	
Go!プリンセスプリキュア 第9話☆5 [転載禁止]&copy;2ch.net	
Go!プリンセスプリキュア 第9話☆4 [転載禁止]&copy;2ch.net	
Go!プリンセスプリキュア 第9話☆3 [転載禁止]&copy;2ch.net	
Go!プリンセスプリキュア 第9話☆2 [転載禁止]&copy;2ch.net	
Go!プリンセスプリキュア 第9話 ★1　　　　　&copy;2ch.net	
Go!プリンセスプリキュア 9★1 [転載禁止]&copy;2ch.net	
goプリンセスプリキュア #9 その1 [転載禁止]&copy;2ch.net	
Go!プリンセスプリキュア 08話★7 [転載禁止]&copy;2ch.net	
Go!プリンセスプリキュア 08話★6 [転載禁止]&copy;2ch.net	
Go!プリンセスプリキュア 08話★6 [転載禁止]&copy;2ch.net	
Go!プリンセスプリキュア 08話★5 [転載禁止]&copy;2ch.net	
Go!プリンセスプリキュア 08話★4 [転載禁止]&copy;2ch.net	
Go!プリンセスプリキュア 08話★3 [転載禁止]&copy;2ch.net	
Go!プリンセスプリキュア 08話★2 [転載禁止]&copy;2ch.net	
Go!プリンセスプリキュア 08話★1 [転載禁止]&copy;2ch.net	
Go!プリンセスプリキュア 第7話 ★5 [転載禁止]&copy;2ch.net	
Go!プリンセスプリキュア 第7話 ★5 [転載禁止]&copy;2ch.net	
Go!プリンセスプリキュア 第7話 ★3 [転載禁止]&copy;2ch.net	
Go!プリンセスプリキュア 第7話 ★2 [転載禁止]&copy;2ch.net	
Go!プリンセスプリキュア 第7話 ★6 [転載禁止]&copy;2ch.net	
Go!プリンセスプリキュア 第7話 ★6 [転載禁止]&copy;2ch.net	
Go!プリンセスプリキュア 第7話 ★8 [転載禁止]&copy;2ch.net	
Go!プリンセスプリキュア 第7話 ★7 [転載禁止]&copy;2ch.net	
Go!プリンセスプリキュア 第7話 ★6 [転載禁止]&copy;2ch.net	
Go!プリンセスプリキュア 第7話 ★5 [転載禁止]&copy;2ch.net	
Go!プリンセスプリキュア 第7話 ★4 [転載禁止]&copy;2ch.net	
Go!プリンセスプリキュア 第7話 ★3 [転載禁止]&copy;2ch.net	
Go!プリンセスプリキュア 第7話 ★2 [転載禁止]&copy;2ch.net	
Go!プリンセスプリキュア 第7話 ★1 [転載禁止]&copy;2ch.net	
Go!プリンセスプリキュア 第7話 ★3 [転載禁止]&copy;2ch.net	
Go!プリンセスプリキュア 第7話 ★2 [転載禁止]&copy;2ch.net	
Go!プリンセスプリキュア 第7話 ★1　　　　　　　 [転載禁止]&copy;2ch.net	
Go!プリンセスプリキュア 第6話 ★9 [転載禁止]&copy;2ch.net	
Go!プリンセスプリキュア 第6話 ★5 [転載禁止]&copy;2ch.net	
Go!プリンセスプリキュア 第6話 ★8 [転載禁止]&copy;2ch.net	
Go!プリンセスプリキュア 第6話 ★7 [転載禁止]&copy;2ch.net	
Go!プリンセスプリキュア 第6話 ★6 [転載禁止]&copy;2ch.net	
Go!プリンセスプリキュア 第6話 ★5 [転載禁止]&copy;2ch.net	
Go!プリンセスプリキュア 第6話 ★4 [転載禁止]&copy;2ch.net	
Go!プリンセスプリキュア 第6話 ★3 [転載禁止]&copy;2ch.net	
Go!プリンセスプリキュア 第6話 ★2 [転載禁止]&copy;2ch.net	
Go!プリンセスプリキュア 第6話 ★1 [転載禁止]&copy;2ch.net	
Goプリンセスプリキュア#5 その4 [転載禁止]&copy;2ch.net	
Goプリンセスプリキュア#5 その3 [転載禁止]&copy;2ch.net	
Goプリンセスプリキュア#5 その2 [転載禁止]&copy;2ch.net	
Goプリンセスプリキュア#5 その7 [転載禁止]&copy;2ch.net	
Goプリンセスプリキュア#5 その5 [転載禁止]&copy;2ch.net	
Goプリンセスプリキュア#5 その8 [転載禁止]&copy;2ch.net	
Goプリンセスプリキュア#5 その6 [転載禁止]&copy;2ch.net	
Goプリンセスプリキュア#5 その6 [転載禁止]&copy;2ch.net	
Goプリンセスプリキュア#5 その6 [転載禁止]&copy;2ch.net	
Goプリンセスプリキュア#5 その4&copy;2ch.net	
Goプリンセスプリキュア#5 その3 [転載禁止]&copy;2ch.net	
Goプリンセスプリキュア#5 その3&copy;2ch.net	
Goプリンセスプリキュア#5 その2 その1 [転載禁止]&copy;2ch.net	
Goプリンセスプリキュア#5 その2&copy;2ch.net	
Goプリンセスプリキュア#5 その8 [転載禁止]&copy;2ch.net	
Goプリンセスプリキュア#5 その7 [転載禁止]&copy;2ch.net	
Goプリンセスプリキュア#5 その6 [転載禁止]&copy;2ch.net	
Goプリンセスプリキュア#5 その5 [転載禁止]&copy;2ch.net	
Goプリンセスプリキュア#5 その4 [転載禁止]&copy;2ch.net	
Goプリンセスプリキュア#5 その3 [転載禁止]&copy;2ch.net	
Goプリンセスプリキュア#5 その2 [転載禁止]&copy;2ch.net	
Goプリンセスプリキュア#5 その1 [転載禁止]&copy;2ch.net	
Go!プリンセスプリキュア 第4話 ★10 [転載禁止]&copy;2ch.net	
Go!プリンセスプリキュア 第4話 ★9 [転載禁止]&copy;2ch.net	
Go!プリンセスプリキュア 第4話 ★7 [転載禁止]&copy;2ch.net	
Go!プリンセスプリキュア 第4話 ★8 [転載禁止]&copy;2ch.net	
Go!プリンセスプリキュア 第4話 ★6&copy;2ch.net	
Go!プリンセスプリキュア 第4話 ★5&copy;2ch.net	
Go!プリンセスプリキュア 第4話 ★4 [転載禁止]&copy;2ch.net	
Go!プリンセスプリキュア 第4話 ★3 [転載禁止]&copy;2ch.net	
Go!プリンセスプリキュア 第4話　黄色回 ★1 [転載禁止]&copy;2ch.net	
Go!プリンセスプリキュア 第4話 ★7 [転載禁止]&copy;2ch.net	
Go!プリンセスプリキュア 第4話 ★6 [転載禁止]&copy;2ch.net	
Go!プリンセスプリキュア 第4話 ★5 [転載禁止]&copy;2ch.net	
Go!プリンセスプリキュア 第4話 ★4 [転載禁止]&copy;2ch.net	
Go!プリンセスプリキュア 第4話 ★3話 黄色回 [転載禁止]&copy;2ch.net	
Go!プリンセスプリキュア 第4話 ★2 [転載禁止]&copy;2ch.net	
Go!プリンセスプリキュア 第4話 ★1　　　　　　 [転載禁止]&copy;2ch.net	
Go!プリンセスプリキュア 第3話 part8 [転載禁止]&copy;2ch.net	
Go!プリンセスプリキュア 第3話 part7　&copy;2ch.net	
Go!プリンセスプリキュア 第3話 part4 [転載禁止]&copy;2ch.net	
Go!プリンセスプリキュア 第3話 paｒt4&copy;2ch.net	
Go!プリンセスプリキュア 第3話 part2 [転載禁止]&copy;2ch.net	
【超マターリ】Go!プリンセスプリキュア 第3話 [転載禁止]&copy;2ch.net	
Go!プリンセスプリキュア 第3話 part7&copy;2ch.net	
Go!プリンセスプリキュア 第3話 part8 [転載禁止]&copy;2ch.net	
Go!プリンセスプリキュア 第3話 part8　&copy;2ch.net	
Go!プリンセスプリキュア 第3話 par5&copy;2ch.net	
Go!プリンセスプリキュア 第3話 part2&copy;2ch.net	
Go!プリンセスプリキュア 第3話 part7 [転載禁止]&copy;2ch.net	
Go!プリンセスプリキュア 第3話 part6 [転載禁止]&copy;2ch.net	
Go!プリンセスプリキュア 第3話 part5 [転載禁止]&copy;2ch.net	
Go!プリンセスプリキュア 第3話 part4 [転載禁止]&copy;2ch.net	
Go!プリンセスプリキュア 第3話 part3 [転載禁止]&copy;2ch.net	
Go!プリンセスプリキュア 第3話 part2 [転載禁止]&copy;2ch.net	
Go!プリンセスプリキュア 第3話 part1 [転載禁止]&copy;2ch.net	
Go!プリンセスプリキュア 第3話 ★2 [転載禁止]&copy;2ch.net	
Go!プリンセスプリキュア 第3話 ★1　　　　　 [転載禁止]&copy;2ch.net	
Go!プリンセスプリキュア 第3話 ★1　　　　　&copy;2ch.net	
goプリンセスプリキュア 第3話 pArt1 [転載禁止]&copy;2ch.net	
Go!プリンセスプリキュア 3話 patt1 [転載禁止]&copy;2ch.net	
Go!プリンセスプリキュア 第2話 ★8 [転載禁止]&copy;2ch.net	
Go!プリンセスプリキュア 第2話 ★10　　 [転載禁止]&copy;2ch.net	
Go!プリンセスプリキュア 第2話 ★2 [転載禁止]&copy;2ch.net	
Go!プリンセスプリキュア 第2話 ★2 [転載禁止]&copy;2ch.net	
Go!プリンセスプリキュア 第2話 ★9　　 [転載禁止]&copy;2ch.net	
Go!プリンセスプリキュア 第2話 ★8 [転載禁止]&copy;2ch.net	
Go!プリンセスプリキュア 第2話 ★7　　&copy;2ch.net	
Go!プリンセスプリキュア 第2話 ★6　&copy;2ch.net	
Go!プリンセスプリキュア 第2話 ★5&copy;2ch.net	
Go!プリンセスプリキュア 第2話 ★4 [転載禁止]&copy;2ch.net	
Go!プリンセスプリキュア 第2話 ★3話 ★2 [転載禁止]&copy;2ch.net	
Go!プリンセスプリキュア 第2話 ★2 [転載禁止]&copy;2ch.net	
Go!プリンセスプリキュア 第2話 ★1　　　 [転載禁止]&copy;2ch.net	
Go!プリンセスプリキュア 第1話☆13 [転載禁止]&copy;2ch.net	
Go!プリンセスプリキュア 第1話☆12 [転載禁止]&copy;2ch.net	
Go!プリンセスプリキュア 第1話☆11 [転載禁止]&copy;2ch.net	
Go!プリンセスプリキュア 第1話☆8&copy;2ch.net	
Go!プリンセスプリキュア 第1話☆10&copy;2ch.net	
Go!プリンセスプリキュア 第1話☆7 [転載禁止]&copy;2ch.net	
Go!プリンセスプリキュア 第1話☆3&copy;2ch.net	
Go!プリンセスプリキュア 第1話☆9 [転載禁止]&copy;2ch.net	
Go!プリンセスプリキュア 第1話☆4&copy;2ch.net	
Go!プリンセスプリキュア 第1話★5 [転載禁止]&copy;2ch.net	
Go!プリンセスプリキュア 第1話☆7 [転載禁止]&copy;2ch.net	
Go!プリンセスプリキュア 第1話★5 [転載禁止]&copy;2ch.net	
Go!プリンセスプリキュア 第1話☆6 [転載禁止]&copy;2ch.net	
Go!プリンセスプリキュア 第1話☆2 [転載禁止]&copy;2ch.net	
Go!プリンセスプリキュア 第1話★5 [転載禁止]&copy;2ch.net	
Go!プリンセスプリキュア 第1話☆2 [転載禁止]&copy;2ch.net	
Go!プリンセスプリキュア 第1話★4 [転載禁止]&copy;2ch.net	
Go!プリンセスプリキュア 第1話★3 [転載禁止]&copy;2ch.net	
Go!プリンセスプリキュア 第1話★2 [転載禁止]&copy;2ch.net	
Go!プリンセスプリキュア 第1話☆1 [転載禁止]&copy;2ch.net	
[新]Go!プリンセスプリキュア 第1話 ★1　　 [転載禁止]&copy;2ch.net	
[新]Go!プリンセスプリキュア 第1話 ★1　　　　 [転載禁止]&copy;2ch.net	
GOプリンセスプリキュア！反省会 [転載禁止]&copy;2ch.net	
来年のプリキュアは「Go!プリンセスプリキュア」 [転載禁止]&copy;2ch.net	
