スイートプリキュア絶対に許さない
スイートプリキュア♪ 第48話 Part11
スイートプリキュア♪第48話　part.8
スイートプリキュア♪第48話［終］★反省会
スイートプリキュア♪第48話　part.7
スイートプリキュア♪ 第48話 Part10
スイートプリキュア♪ 第48話 Part9
スイートプリキュア♪ 第48話 Part8
スイートプリキュア♪ 第48話 Part8
スイートプリキュア♪ 第48話 Part7
スイートプリキュア♪第48話　part.6
スイートプリキュア♪ 第48話 Part5
スイートプリキュア♪第48話　part.4
スイートプリキュア♪第48話　part.3
スイートプリキュア♪第48話　part.2
関西ローカル44660☆スイートプリキュア最終回
スイートプリキュア♪第48話　part.1
スイートプリキュア part.2
スイートプリキュア part.1
スイートプリキュア♪ 第46話 Part8
スイートプリキュア♪ 第46話 Part8
スイートプリキュア♪ 第46話 Part7
スイートプリキュア♪ 第46話 Part6
スイートプリキュア♪ 第46話 Part5
スイートプリキュア♪ 第46話 Part4
スイートプリキュア♪ 第46話 Part3
スイートプリキュア♪ 第46話 Part2
スイートプリキュア♪ 第46話 Part1
スイートプリキュア♪ 第45話 Part9
スイートプリキュア♪ 第45話 Part8
スイートプリキュア♪ 第45話 Part7
スイートプリキュア♪ 第45話 Part6
スイートプリキュア♪ 第45話 Part5
スイートプリキュア♪ 第45話 Part4
スイートプリキュア♪ 第45話 Part3
スイートプリキュア♪ 第45話 Part2
スイートプリキュア♪ 第45話 Part1
スイートプリキュア♪ 第44話 Part8
スイートプリキュア♪ 第44話 Part7
スイートプリキュア♪ 第44話 Part6
スイートプリキュア♪ 第44話 Part5
スイートプリキュア♪ 第44話 Part4
スイートプリキュア♪ 第44話 Part3
スイートプリキュア♪ 第44話 Part2
スイートプリキュア♪ 第44話 Part1
スイートプリキュア♪ 第43話 Part8
スイートプリキュア♪ 第43話 Part7
スイートプリキュア♪ 第43話 Part6
スイートプリキュア♪ 第43話 Part5
スイートプリキュア♪ 第43話 Part4
スイートプリキュア♪ 第43話 Part3
スイートプリキュア♪ 第43話 Part2
スイートプリキュア♪ 第43話 Part1
スイートプリキュア♪ 第42話 Part8
スイートプリキュア♪ 第42話 Part7
スイートプリキュア♪ 第42話 Part6
スイートプリキュア♪ 第42話 Part5
スイートプリキュア♪ 第42話 Part4
スイートプリキュア♪ 第42話 Part3
スイートプリキュア♪ 第42話 Part2
スイートプリキュア♪ 第42話 Part1
スイートプリキュア♪ 第41話 Part9
スイートプリキュア♪ 第41話 Part8
スイートプリキュア♪ 第41話 Part7
スイートプリキュア♪ 第41話 Part6
スイートプリキュア♪ 第41話 Part5
スイートプリキュア♪ 第41話 Part4
スイートプリキュア♪ 第41話 Part3
スイートプリキュア♪ 第41話 Part2
スイートプリキュア♪ 第41話 Part1
スイートプリキュア♪ 第40話 Part7
スイートプリキュア♪ 第40話 Part8
スイートプリキュア♪ 第40話 Part7
スイートプリキュア♪ 第40話 Part6
スイートプリキュア♪ 第40話 Part5
スイートプリキュア♪ 第40話 Part4
スイートプリキュア♪ 第40話 Part3
スイートプリキュア♪ 第40話 Part2
スイートプリキュア♪ 第40話 Part1
スイートプリキュア♪ 第39話 Part7（実質8）
スイートプリキュア♪ 第39話 Part6
スイートプリキュア♪ 第39話 Part5
スイートプリキュア♪ 第39話 Part５
スイートプリキュア♪ 第39話 Part4
スイートプリキュア♪ 第39話 Part2
スイートプリキュア♪ 第39話 Part3
スイートプリキュア♪ 第39話 Part1
スイートプリキュア♪ 第39話 Part1
スイートプリキュア♪ 第38話 Part9
スイートプリキュア♪ 第38話 Part8 修正
スイートプリキュア♪ 第38話 Part6
スイートプリキュア♪ 第38話 Part6
スイートプリキュア♪ 第38話 Part3
スイートプリキュア♪ 第38話 Part5
スイートプリキュア♪ 第38話 Part4
スイートプリキュア♪ 第38話 Part2
スイートプリキュア♪ 第38話 Part2
スイートプリキュア♪ 第38話 Part1
スイートプリキュア♪　フリー反省会
スイートプリキュア♪第32話 Part8
スイートプリキュア♪第32話 Part7
スイートプリキュア♪第32話 Part6
スイートプリキュア♪第32話 Part5
スイートプリキュア♪第32話 Part4
スイートプリキュア♪第32話 Part3
スイートプリキュア♪第32話 Part2
スイートプリキュア♪ 第32話 Part1
スイートプリキュア♪ 第31話 Part8
スイートプリキュア♪ 第31話 Part7
スイートプリキュア♪ 第31話 Part6
スイートプリキュア♪ 第31話 Part5
スイートプリキュア♪ 第31話 Part4
スイートプリキュア♪ 第31話 Part3
スイートプリキュア♪ 第31話 Part2
スイートプリキュア♪ 第31話 Part1
実況スイートプリキュア♪31話
スイートプリキュア♪ 第30話 Part8
スイートプリキュア♪ 第30話 Part8
スイートプリキュア♪ 第30話 Part7
スイートプリキュア♪ 第30話 Part6
スイートプリキュア♪ 第30話 Part5
スイートプリキュア♪ 第30話 Part4
スイートプリキュア♪ 第30話 Part3
実況スイートプリキュア♪30話PART2
スイートプリキュア♪ 第30話 Part2
スイートプリキュア♪ 第30話 Part1
実況スイートプリキュア♪30話 PART1
スイートプリキュア♪　超反省会
スイートプリキュア♪ 第29話 Part7
スイートプリキュア♪ 第29話 Part6
スイートプリキュア♪ 第29話 Part5
スイートプリキュア♪ 第29話 Part4
スイートプリキュア♪ 第29話 Part3
スイートプリキュア♪ 第29話 Part2
スイートプリキュア♪ 第29話 Part1
スイートプリキュア実況 29話 PART1
スイートプリキュア♪　２学期への反省会
スイートプリキュア♪ 第28話 Part9
スイートプリキュア♪ 第28話 Part8
スイートプリキュア♪ 第28話 Part7
スイートプリキュア♪ 第28話 Part6
スイートプリキュア♪ 第28話 Part5
スイートプリキュア♪ 第28話 Part4
スイートプリキュア♪ 第28話 Part3
スイートプリキュア♪ 第28話 Part2
スイートプリキュア実況PART1
スイートプリキュア　３０分で大反省会
スイートプリキュア♪ 第27話 Part6
スイートプリキュア♪ 第27話 Part5
スイートプリキュア♪ 第27話 Part4
スイートプリキュア♪ 第27話 Part3
スイートプリキュア♪ 第27話 Part2
スイートプリキュア♪ 第27話 Part1
スイートプリキュア　夏の大反省会
スイートプリキュア♪ 第26話 Part6
スイートプリキュア♪ 第26話 Part5
スイートプリキュア♪ 第26話 Part4
スイートプリキュア♪ 第26話 Part3
スイートプリキュア♪ 第26話 Part2
スイートプリキュア♪ 第26話 Part1
スイートプリキュア♪ 第25話 Part7
スイートプリキュア　夏の反省会
スイートプリキュア♪ 第25話 Part6
スイートプリキュア　夏祭り反省会
スイートプリキュア♪ 第25話 Part5
スイートプリキュア♪ 第25話 Part4
スイートプリキュア♪ 第25話 Part3
スイートプリキュア♪ 第25話 Part2
スイートプリキュア♪ 第25話 Part1
スイートプリキュア♪ 第24話 Part10
スイートプリキュア超絶大反省会
スイートプリキュア♪ 第24話 Part9
スイートプリキュア♪ 第24話 Part8
スイートプリキュア♪ 第24話 Part7
スイートプリキュア♪ 第24話 Part6
スイートプリキュア♪ 第24話 Part5
スイートプリキュア♪ 第24話 Part4
スイートプリキュア♪ 第24話 Part3
スイートプリキュア♪ 第24話 Part2
スイートプリキュア♪ 第24話 Part1
スイートプリキュア２３話　超絶反省会！
スイートプリキュア♪ 第23話 Part9
スイートプリキュア♪ 第23話 Part8
スイートプリキュア♪ 第23話 Part7
スイートプリキュア♪ 第23話 Part6
スイートプリキュア♪ 第23話 Part5
スイートプリキュア♪ 第23話 Part4
スイートプリキュア♪ 第23話 Part3
スイートプリキュア♪ 第23話 Part2
スイートプリキュア♪ 第23話 Part1
スイートプリキュア大反省会
スイートプリキュア♪ 第22話 Part12
スイートプリキュア♪ 第22話 Part11
スイートプリキュア♪ 第22話 Part10
スイートプリキュア♪ 第22話 Part9
スイートプリキュア♪ 第22話 Part9
スイートプリキュア♪ 第22話 Part8
スイートプリキュア♪ 第22話 Part7
スイートプリキュア♪ 第22話 Part6
スイートプリキュア♪ 第22話 Part5
スイートプリキュア♪ 第22話 Part4
スイートプリキュア♪ 第22話 Part3
スイートプリキュア♪ 第22話 Part2
スイートプリキュア♪ 第22話 Part1
