スマイルプリキュアって終盤酷かったよね(´・ω・`)
スマイルプリキュア！　反省会会場
スマイルプリキュア！ 第48話(最終回) ★16
スマイルプリキュア！ 第48話(最終回) ★15
スマイルプリキュア！ 第48話(最終回) ★14
スマイルプリキュア！ 第48話(最終回) ★13
スマイルプリキュア！ 第48話(最終回) ★5
スマイルプリキュア！ 第48話(最終回) ★5
スマイルプリキュア！ 第48話(最終回) ★8
スマイルプリキュア！ 第48話(最終回) ★12
スマイルプリキュア！ 第48話(最終回) ★11
スマイルプリキュア！ 第48話(最終回) ★10
スマイルプリキュア！ 第48話(最終回) ★9
スマイルプリキュア！ 第48話(最終回) ★7
スマイルプリキュア！ 第48話(最終回) ★6
スマイルプリキュア！ 第48話(最終回) ★5
スマイルプリキュア！ 第48話(最終回) ★4
スマイルプリキュア！ 第48話(最終回) ★3
スマイルプリキュア！ 第48話(最終回) ★2
スマイルプリキュア！ 第48話(最終回) ★1
スマイルプリキュア！ 第47話 Part11反省会
スマイルプリキュア！ 第47話 Part11
スマイルプリキュア！ 第47話 Part6
スマイルプリキュア！ 第47話 Part9
スマイルプリキュア！ 第47話 Part10
スマイルプリキュア！ 第47話 Part8
スマイルプリキュア！ 第47話 Part6
スマイルプリキュア！ 第47話 Part7
スマイルプリキュア！ 第47話 Part9
スマイルプリキュア！ 第47話 Part5
スマイルプリキュア！ 第47話 Part4
スマイルプリキュア！ 第47話 Part3
スマイルプリキュア！ 第47話 Part2
スマイルプリキュア！ 第47話 Part1
スマイルプリキュア！ 第46話 Part5
スマイルプリキュア！ 第46話 Part10
スマイルプリキュア！ 第46話 Part9
スマイルプリキュア！ 第46話 Part9
スマイルプリキュア！ 第46話 Part8
スマイルプリキュア！ 第46話 Part6
スマイルプリキュア！ 第46話 Part7
スマイルプリキュア！ 第46話 Part5
スマイルプリキュア！ 第46話 Part4
スマイルプリキュア！ 第46話 Part3
スマイルプリキュア！ 第46話 Part2
スマイルプリキュア！ 第46話 Part1
スマイルプリキュア！ 第45話 Part11
スマイルプリキュア！ 第45話 Part10
スマイルプリキュア！ 第45話 Part9
スマイルプリキュア！ 第45話 Part8
スマイルプリキュア！ 第45話 Part7
スマイルプリキュア！ 第45話 Part6
スマイルプリキュア！ 第45話 Part5
スマイルプリキュア！ 第45話 Part4
スマイルプリキュア！ 第45話 Part4
スマイルプリキュア！ 第45話 Part2
スマイルプリキュア！ 第45話 Part3
スマイルプリキュア！ 第45話 Part2
スマイルプリキュア！ 第45話 Part1
スマイルプリキュア！ 第45話
【ロリコン専用】スマイルプリキュア！ 第44話
スマイルプリキュア！ 第44話 Part11
スマイルプリキュア！ 第44話 Part10
スマイルプリキュア！ 第44話 Part9
スマイルプリキュア！ 第44話 Par6
スマイルプリキュア！ 第44話 Part8
スマイルプリキュア！ 第44話 Part7
スマイルプリキュア！ 第44話 Par5
スマイルプリキュア！ 第44話 Par4
スマイルプリキュア！ 第44話 Par3
スマイルプリキュア！ 第44話 Par2
スマイルプリキュア！ 第44話 Par1
スマイルプリキュア！ 第43話 Part6
スマイルプリキュア！ 第43話 Part5
スマイルプリキュア！ 第43話 Part8
スマイルプリキュア！ 第43話 Part11
スマイルプリキュア！ 第43話 Part7
スマイルプリキュア！ 第43話 Part11
スマイルプリキュア！ 第43話 Part8
スマイルプリキュア！ 第43話 Part9
スマイルプリキュア！ 第43話 Part7
スマイルプリキュア！ 第43話 Part10
スマイルプリキュア！ 第43話 Part6
スマイルプリキュア！ 第43話 Part6
スマイルプリキュア！ 第43話 Part1
スマイルプリキュア！ 第43話 Part10
スマイルプリキュア！ 第43話 Part7
スマイルプリキュア！ 第43話 Part7
スマイルプリキュア！ 第43話 Part4
スマイルプリキュア！ 第43話 Part7
スマイルプリキュア！ 第43話 Part9
スマイルプリキュア！ 第43話 Part8
スマイルプリキュア！ 第43話 Part6
スマイルプリキュア！ 第43話 Part5
スマイルプリキュア！ 第43話 Part4
スマイルプリキュア！ 第43話 Part3
スマイルプリキュア！ 第43話 Part2
スマイルプリキュア！ 第43話 Part1
スマイルプリキュア！ 第42話 Part9
スマイルプリキュア！ 第42話 Part11
スマイルプリキュア！ 第42話 Part10
スマイルプリキュア！ 第42話 Part7
スマイルプリキュア！ 第42話 Part6
スマイルプリキュア！ 第42話 Part9
スマイルプリキュア！ 第42話 Part8
スマイルプリキュア！ 第42話 Part5
スマイルプリキュア！ 第42話 Part4
スマイルプリキュア！ 第42話 Part3
スマイルプリキュア！ 第42話 Part2
スマイルプリキュア！ 第42話 Part1
スマイルプリキュア！ 第41話 Part12
スマイルプリキュア！ 第41話 Part4
スマイルプリキュア！ 第41話 Part11
スマイルプリキュア！ 第41話 Part10
スマイルプリキュア！ 第41話 Part9
スマイルプリキュア！ 第41話 Part8
スマイルプリキュア！ 第41話 Part8
スマイルプリキュア！ 第41話 Part7
スマイルプリキュア！ 第41話 Part6
スマイルプリキュア！ 第41話 Part5
スマイルプリキュア！ 第41話 Part4
スマイルプリキュア！ 第41話 Part3
スマイルプリキュア！ 第41話 Part2
スマイルプリキュア！ 第41話 Part1
スマイルプリキュア！ 第40話 Part11
スマイルプリキュア！ 第40話 Part10
スマイルプリキュア！ 第40話 Part9
スマイルプリキュア！ 第40話 Part8
スマイルプリキュア！ 第40話 Part7
スマイルプリキュア！ 第40話 Part6
スマイルプリキュア！ 第40話 Part5
スマイルプリキュア！ 第40話 Part4
スマイルプリキュア！ 第40話 Part3
スマイルプリキュア！ 第40話 Part2
スマイルプリキュア！ 第40話 Part1
スマイルプリキュア！ 第39話 Part6
スマイルプリキュア！ 第39話 Part6
スマイルプリキュア！ 第39話 Part5
スマイルプリキュア！ 第39話 Part11
スマイルプリキュア！ 第39話 Part3
スマイルプリキュア！ 第39話 Part9
スマイルプリキュア！ 第39話 Part8
スマイルプリキュア！ 第39話 Part10
スマイルプリキュア！ 第39話 Part9
スマイルプリキュア！ 第39話 Part7
スマイルプリキュア！ 第39話 Part8
スマイルプリキュア！ 第39話 Part6
スマイルプリキュア！ 第39話 Part5
スマイルプリキュア！ 第39話 Part4
スマイルプリキュア！ 第39話 Part3
スマイルプリキュア！ 第39話 Part2
スマイルプリキュア！ 第39話 Part1
スマイルプリキュア！ 第38話 Part12
スマイルプリキュア！ 第38話 Part11
スマイルプリキュア！ 第38話 Part10
スマイルプリキュア！ 第38話 Part7
スマイルプリキュア！ 第38話 Part9
スマイルプリキュア！ 第38話 Part6
スマイルプリキュア！ 第38話 Part8
スマイルプリキュア！ 第38話 Part5
スマイルプリキュア！ 第38話 Part4
スマイルプリキュア！ 第38話 Part3
スマイルプリキュア！ 第38話 Part2
スマイルプリキュア！ 第38話 Part1
スマイルプリキュア！第38話　Part1
スマイルプリキュア！ 第38話
スマイルプリキュア！ 第37話 Part11
スマイルプリキュア！ 第37話 Part9
スマイルプリキュア！ 第37話 Part1
スマイルプリキュア！ 第37話 Part8
スマイルプリキュア！ 第37話 Part10
スマイルプリキュア！ 第37話 Part7
スマイルプリキュア！ 第37話 Part8
スマイルプリキュア！ 第37話 Part6
スマイルプリキュア！ 第37話 Part7
スマイルプリキュア！ 第37話 Part5
スマイルプリキュア！ 第37話 Part4
スマイルプリキュア！ 第37話 Part3
スマイルプリキュア！ 第37話 Part2
スマイルプリキュア！ 第37話 Part1
スマイルプリキュア！ 第36話 Part7修正
スマイルプリキュア！ 第36話 Part5
スマイルプリキュア！ 第36話 Part12
スマイルプリキュア！ 第36話 Part11
スマイルプリキュア！ 第36話 Part6
スマイルプリキュア！ 第36話 Part4
スマイルプリキュア！ 第36話 Part11
スマイルプリキュア！ 第36話 Part10
スマイルプリキュア！ 第36話 Part6
スマイルプリキュア！ 第36話 Part3
スマイルプリキュア！ 第36話 Part9
スマイルプリキュア！ 第36話 Part8
スマイルプリキュア！ 第36話 Part7
スマイルプリキュア！ 第36話 Part5
スマイルプリキュア！ 第36話 Part4
スマイルプリキュア！ 第36話 Part3
スマイルプリキュア！ 第36話 Part2
スマイルプリキュア！ 第36話 Part1
スマイルプリキュア！ 第35話 Part7
スマイルプリキュア！ 第35話 Part5
スマイルプリキュア!第35話 Part100
スマイルプリキュア！ 第35話 Part8
スマイルプリキュア！ 第35話 Part10
スマイルプリキュア！ 第35話 Part9
スマイルプリキュア！ 第35話 Part6
スマイルプリキュア！ 第35話 Part6
スマイルプリキュア！ 第35話 Part5
スマイルプリキュア！ 第35話 Part11
スマイルプリキュア！ 第35話 Part9
スマイルプリキュア！ 第35話 Part10
スマイルプリキュア！ 第35話 Part9
スマイルプリキュア！ 第35話 Part8
スマイルプリキュア！ 第35話 Part7
スマイルプリキュア！ 第35話 Part6
スマイルプリキュア！ 第35話 Part5
スマイルプリキュア！ 第35話 Part2
スマイルプリキュア！ 第35話 Part4
スマイルプリキュア！ 第35話 Part3
スマイルプリキュア！ 第35話 Part2
スマイルプリキュア！ 第35話 Part1
スマイルプリキュア！ 第34話 Part10
スマイルプリキュア！ 第34話 Part9
スマイルプリキュア！ 第34話 Part8
スマイルプリキュア！ 第34話 Part8
スマイルプリキュア！ 第34話 Part7
スマイルプリキュア！ 第34話 Part6
スマイルプリキュア！ 第34話 Part5
スマイルプリキュア！ 第34話 Part4
スマイルプリキュア！ 第34話 Part3
スマイルプリキュア！ 第34話 Part2
スマイルプリキュア！ 第34話 Part1
スマイルプリキュア！ 第33話 Part11
スマイルプリキュア！ 第33話 Part10
スマイルプリキュア！ 第33話 Part9
スマイルプリキュア！ 第33話 Part8
スマイルプリキュア！ 第33話 Part7
スマイルプリキュア！ 第33話 Part6
スマイルプリキュア！ 第33話 Part5
スマイルプリキュア！ 第33話 Part4
スマイルプリキュア！ 第33話 Part3
スマイルプリキュア！ 第33話 Part2
スマイルプリキュア！ 第33話 Part1
スマイルプリキュア！ 第32話 ☆10
スマイルプリキュア！ 第32話 ☆9
スマイルプリキュア！ 第32話 ☆9
スマイルプリキュア！ 第32話 ☆8
スマイルプリキュア！ 第32話 ☆7
スマイルプリキュア！ 第32話 ☆6
スマイルプリキュア！ 第32話 ☆5
スマイルプリキュア！ 第32話 ☆4
スマイルプリキュア！ 第32話 ☆3
スマイルプリキュア！ 第32話 ☆2
スマイルプリキュア！ 第32話 ☆1
スマイルプリキュア！ 第31話 Part10
スマイルプリキュア！ 第31話 Part9
スマイルプリキュア！ 第31話 Part8
スマイルプリキュア！ 第31話 Part7
スマイルプリキュア！ 第31話 Part6
スマイルプリキュア！ 第31話 Part5
スマイルプリキュア！ 第31話 Part4
スマイルプリキュア！ 第31話 Part3
スマイルプリキュア！ 第31話 Part2
スマイルプリキュア！ 第31話 Part1
スマイルプリキュア！　大反省会
スマイルプリキュア！ 第29話 ★11
【超マターリ】スマイルプリキュア！第29話
スマイルプリキュア！ 第29話 ★10
スマイルプリキュア！ 第29話 ★9
スマイルプリキュア！ 第29話 ★8
スマイルプリキュア！ 第29話 ★7
スマイルプリキュア！ 第29話 ★6
スマイルプリキュア！ 第29話 ★5
スマイルプリキュア！ 第29話 ★4
スマイルプリキュア！ 第29話 ★3
スマイルプリキュア！ 第29話 ★2
スマイルプリキュア！ 第29話 ★1
スマイルプリキュア！ 第29話 ★11
スマイルプリキュア！ 第29話 ★10
スマイルプリキュア！ 第29話 ★9
スマイルプリキュア！ 第29話 ★8
スマイルプリキュア！ 第29話 ★7
スマイルプリキュア！ 第29話 ★6
スマイルプリキュア！ 第29話 ★5
スマイルプリキュア！ 第29話 ★5
スマイルプリキュア！ 第29話 ★4
スマイルプリキュア！ 第29話 ★3
スマイルプリキュア！ 第29話 ★2
スマイルプリキュア！ 第29話 ★1
スマイルプリキュア！ 第28話 ★6
スマイルプリキュア！ 第28話 ★9
スマイルプリキュア！ 第28話 ★8
スマイルプリキュア！ 第28話 ★7
スマイルプリキュア！ 第28話 ★6
スマイルプリキュア！ 第28話 ★5
スマイルプリキュア！ 第28話 ★4
スマイルプリキュア！ 第28話 ★3
スマイルプリキュア！ 第28話 ★2
スマイルプリキュア！ 第28話 ★1
スマイルプリキュア！　大反省会
スマイルプリキュア！ 第27話 ★2
スマイルプリキュア！ 第27話 ★7
スマイルプリキュア！ 第27話 ★11
スマイルプリキュア！ 第27話 ★10
スマイルプリキュア！ 第27話 ★4
スマイルプリキュア！ 第27話 ★9
スマイルプリキュア！ 第27話 ★7
スマイルプリキュア！ 第27話 ★8
スマイルプリキュア！ 第27話 ★6
スマイルプリキュア！ 第27話 ★5
スマイルプリキュア！ 第27話 ★4
スマイルプリキュア！ 第27話 ★3
スマイルプリキュア！ 第27話 ★2
スマイルプリキュア！ 第27話 ★1
スマイルプリキュア！ 第26話 ★10
スマイルプリキュア！ 第26話 ★6
スマイルプリキュア！ 第26話 ★7
スマイルプリキュア！ 第26話 ★9
スマイルプリキュア！ 第26話 ★8
スマイルプリキュア！ 第26話 ★5
スマイルプリキュア！ 第26話 ★4
スマイルプリキュア！ 第26話 ★3
スマイルプリキュア！ 第26話 ★2
スマイルプリキュア！ 第26話 ★3
スマイルプリキュア！ 第26話 ★2
スマイルプリキュア！ 第26話 ★1
スマイルプリキュア！ 第25話 ★14
スマイルプリキュア！ 第25話 ★13
スマイルプリキュア！ 第25話 ★7
スマイルプリキュア！ 第25話 ★12
スマイルプリキュア！ 第25話 ★9
スマイルプリキュア！ 第25話 ★11
スマイルプリキュア！ 第25話 ★10
スマイルプリキュア！ 第25話 ★8
スマイルプリキュア！ 第25話 ★7
スマイルプリキュア！ 第25話 ★6
スマイルプリキュア！ 第25話 ★5
スマイルプリキュア！ 第25話 ★4
スマイルプリキュア！ 第25話 ★3
スマイルプリキュア！ 第25話 ★2
スマイルプリキュア！ 第25話 ★1
スマイルプリキュア 第25話 ★1
スマイルプリキュア！ 第24話 ★13
スマイルプリキュア！ 第24話 ★5
スマイルプリキュア！ 第24話 ★10
スマイルプリキュア！ 第24話 ★10
スマイルプリキュア！ 第24話 ★12
スマイルプリキュア！ 第24話 ★11
スマイルプリキュア！ 第24話 ★9
スマイルプリキュア！ 第24話 ★8
スマイルプリキュア！ 第24話 ★7
スマイルプリキュア！ 第24話 ★6
スマイルプリキュア！ 第24話 ★5
スマイルプリキュア！ 第24話 ★4
スマイルプリキュア！ 第24話 ★3
スマイルプリキュア！ 第24話 ★2
スマイルプリキュア！ 第24話 ★1
スマイルプリキュア！ 第24話 ★1
スマイルプリキュア！ 第23話 ★15
スマイルプリキュア　超反省会
スマイルプリキュア！ 第23話 ★14
スマイルプリキュア！ 第23話 ★13
スマイルプリキュア！ 第23話 ★12
スマイルプリキュア！ 第23話 ★11
スマイルプリキュア！ 第23話 ★10
スマイルプリキュア！ 第23話 ★9
スマイルプリキュア！ 第23話 ★8
スマイルプリキュア！ 第23話 ★7
スマイルプリキュア！ 第23話 ★6
スマイルプリキュア！ 第23話 ★5
スマイルプリキュア！ 第23話 ★4
スマイルプリキュア！ 第23話 ★3
スマイルプリキュア！ 第23話 ★2
スマイルプリキュア！ 第23話 ★2
スマイルプリキュア！ 第23話 ★1
スマイルプリキュア！ 第22話 ★13
スマイルプリキュア！ 第22話 ★10
スマイルプリキュア！ 第22話 ★12
スマイルプリキュア！ 第22話 ★12
スマイルプリキュア！ 第22話 ★11
スマイルプリキュア！ 第22話 ★10
スマイルプリキュア！ 第22話 ★9
スマイルプリキュア！ 第22話 ★8
スマイルプリキュア！ 第22話 ★7
スマイルプリキュア！ 第22話 ★6
スマイルプリキュア！ 第22話 ★5
スマイルプリキュア！ 第22話 ★4
スマイルプリキュア！ 第22話 ★3
スマイルプリキュア！ 第22話 ★2
スマイルプリキュア！ 第22話 ★1
スマイルプリキュア！　大反省会
スマイルプリキュア！ 第21話 ★12
スマイルプリキュア！ 第21話 ★10
スマイルプリキュア！ 第21話 ★11
スマイルプリキュア！ 第21話 ★9
スマイルプリキュア！ 第21話 ★8
スマイルプリキュア！ 第21話 ★7
スマイルプリキュア！ 第21話 ★6
スマイルプリキュア！ 第21話 ★5
スマイルプリキュア！ 第21話 ★4
スマイルプリキュア！ 第21話 ★3
スマイルプリキュア！ 第21話 ★2
スマイルプリキュア！ 第21話 ★1
スマイルプリキュア！ 第20話 Part11
スマイルプリキュア！ 第20話 Part12
スマイルプリキュア！ 第20話 Part12
スマイルプリキュア！ 第20話 Part11
スマイルプリキュア！ 第20話 Part11
スマイルプリキュア！ 第20話 Part10
スマイルプリキュア！ 第20話 Part9
スマイルプリキュア！ 第20話 Part8
スマイルプリキュア！ 第20話 Part8
スマイルプリキュア！ 第20話 Part7
スマイルプリキュア！ 第20話 Part6
スマイルプリキュア！ 第20話 Part5
スマイルプリキュア！ 第20話 Part4
スマイルプリキュア！ 第20話 Part3
スマイルプリキュア！ 第20話 Part2
スマイルプリキュア！ 第20話 Part1
スマイルプリキュア！　エア実況
スマイルプリキュア！ お休み
スマイルプリキュア！ 第19話 ★15
スマイルプリキュア！　大反省会
スマイルプリキュア！ 第19話 ★14
スマイルプリキュア！ 第19話 ★11
スマイルプリキュア！ 第19話 ★13
スマイルプリキュア！ 第19話 ★12
スマイルプリキュア！ 第19話 ★10
スマイルプリキュア！ 第19話 ★9
スマイルプリキュア！ 第19話 ★8
スマイルプリキュア！ 第19話 ★7
スマイルプリキュア！ 第19話 ★6
スマイルプリキュア！ 第19話 ★5
スマイルプリキュア！ 第19話 ★4
スマイルプリキュア！ 第19話 ★3
スマイルプリキュア！ 第19話 ★２
スマイルプリキュア！ 第19話 ★1
スマイルプリキュア！18話のスクショ公開スレ
スマイルプリキュア！　大反省会
スマイルプリキュア！ 第18話 Part15
スマイルプリキュア！ 第18話 Part14
スマイルプリキュア！ 第18話 Part13
スマイルプリキュア！ 第18話 Part12
スマイルプリキュア！ 第18話 Part11
スマイルプリキュアの緑とか・・・
スマイルプリキュア！ 第18話 Part10
スマイルプリキュア！ 第18話 Part9
スマイルプリキュア！ 第18話 Part8
スマイルプリキュア！ 第18話 Part7
スマイルプリキュア！ 第18話 Part6
スマイルプリキュア！ 第18話 Part5
スマイルプリキュア！ 第18話 Part4
スマイルプリキュア！ 第18話 Part3
スマイルプリキュア！ 第18話 Part2
スマイルプリキュア！ 第18話 Part1
スマイルプリキュア！ 第17話 その8
スマイルプリキュア！ 第17話 その8
スマイルプリキュア！ 第17話 その16
スマイルプリキュア！ 第17話 その15
スマイルプリキュア！ 第17話 その10
スマイルプリキュア！ 第17話 その14
スマイルプリキュア！ 第17話 その13
スマイルプリキュア！ 第17話 その12
スマイルプリキュア！ 第17話 その11
スマイルプリキュア！ 第17話 その10
スマイルプリキュア！ 第17話 その9
スマイルプリキュア！ 第17話 その8
スマイルプリキュア！ 第17話 その7
スマイルプリキュア！ 第17話 その6
スマイルプリキュア！ 第17話 その5
スマイルプリキュア！ 第17話 その4
スマイルプリキュア！ 第17話 その3
スマイルプリキュア！ 第17話 その2
スマイルプリキュア！ 第17話 Part1
スマイルプリキュア！ 第17話 その1
スマイルプリキュア大反省会
スマイルプリキュア！ 第16話 Part16
スマイルプリキュア！ 第16話 Part11
スマイルプリキュア！ 第16話 Part15
スマイルプリキュア！ 第16話 Part14
スマイルプリキュア！ 第16話 Part13
スマイルプリキュア！ 第16話 Part12
スマイルプリキュア！ 第16話 Part11
スマイルプリキュア！ 第16話 Part10
スマイルプリキュア！ 第16話 Part9
スマイルプリキュア！ 第16話 Part8
【超マターリ】スマイルプリキュア！第16話【sage】
スマイルプリキュア！ 第16話 Part7
スマイルプリキュア！ 第16話 Part6
スマイルプリキュア！ 第16話 Part5
スマイルプリキュア！ 第16話 Part4
スマイルプリキュア！ 第16話 Part3
スマイルプリキュア！ 第16話 Part2
スマイルプリキュア！ 第16話 Part1
スマイルプリキュア！ 第15話 Part6
スマイルプリキュア！ 第15話 Part14
スマイルプリキュア！ 第15話 Part13
スマイルプリキュア！ 第15話 Part12
スマイルプリキュア！ 第15話 Part11
スマイルプリキュア！ 第15話 Part10
スマイルプリキュア！ 第15話 Part9
スマイルプリキュア！ 第15話 Part8
スマイルプリキュア！ 第15話 Part7
スマイルプリキュア！ 第15話 Part6
スマイルプリキュア！ 第15話 Part5
スマイルプリキュア！ 第15話 Part4
スマイルプリキュア！ 第15話 Part3
スマイルプリキュア！ 第15話 Part2
スマイルプリキュア！ 第15話 Part1
スマイルプリキュア！ 第14話 反省会
スマイルプリキュア！ 第14話 Part7
スマイルプリキュア！ 第14話 Part12
スマイルプリキュア！ 第14話 Part6
スマイルプリキュア！ 第14話 Part5
スマイルプリキュア！ 第14話 Part5
スマイルプリキュア！ 第14話 Part11
スマイルプリキュア！ 第14話 Part10
スマイルプリキュア！ 第14話 Part9
スマイルプリキュア！ 第14話 Part9
スマイルプリキュア！ 第14話 Part8
スマイルプリキュア！ 第14話 Part7
スマイルプリキュア！ 第14話 Part7
スマイルプリキュア！ 第14話 Part6
スマイルプリキュア！ 第14話 Part2
スマイルプリキュア！ 第14話 Part5
スマイルプリキュア！ 第14話 Part4
スマイルプリキュア！ 第14話 Part3
スマイルプリキュア！ 第14話 Part2
スマイルプリキュア！ 第14話 Part1
スマイルプリキュア！ 第13話 Part10
スマイルプリキュア！ 第13話 Part15
スマイルプリキュア！ 第13話 Part14
スマイルプリキュア！ 第13話 Part13
スマイルプリキュア！ 第13話 Part12
スマイルプリキュア！ 第13話 Part11
スマイルプリキュア！ 第13話 Part9
スマイルプリキュア！ 第13話 Part10
スマイルプリキュア！ 第13話 Part9
スマイルプリキュア！ 第13話 Part8
スマイルプリキュア！ 第13話 Part7
スマイルプリキュア！ 第13話 Part6
スマイルプリキュア！ 第13話 Part5
スマイルプリキュア！ 第13話 Part4
スマイルプリキュア！ 第13話 Part3
スマイルプリキュア！ 第13話 Part2
スマイルプリキュア！ 第13話 Part1
スマイルプリキュア！ 第12話 その14
スマイルプリキュア！ 第12話 その13
スマイルプリキュア！ 第12話 その11
スマイルプリキュア！ 第12話 その12
スマイルプリキュア！ 第12話 その10
スマイルプリキュア！ 第12話 その11
スマイルプリキュア！ 第12話 その10
スマイルプリキュア！ 第12話 その9
スマイルプリキュア！ 第12話 その8
スマイルプリキュア！ 第12話 その1
スマイルプリキュア！ 第12話 その7
スマイルプリキュア！ 第12話 その6
スマイルプリキュア！ 第12話 その5
スマイルプリキュア！ 第12話 その4
スマイルプリキュア！ 第12話 その3
スマイルプリキュア！ 第12話 その2
スマイルプリキュアその1
スマイルプリキュア！ 第11話 Part17 修正済
スマイルプリキュア！ 第11話 Part15
スマイルプリキュア！ 第11話 Part15
スマイルプリキュア！ 第11話 Part14
スマイルプリキュア！ 第11話 Part13
スマイルプリキュア！ 第11話 Part12
スマイルプリキュア！ 第11話 Part11
スマイルプリキュア【超マターリ】
スマイルプリキュア！ 第11話 Part10
スマイルプリキュア！ 第11話 Part9
スマイルプリキュア！ 第11話 Part8
スマイルプリキュア！ 第11話 Part7
スマイルプリキュア！ 第11話 Part6
スマイルプリキュア！ 第11話 Part5
スマイルプリキュア！ 第11話 Part4
スマイルプリキュア！ 第11話 Part3
スマイルプリキュア！ 第11話 Part2
スマイルプリキュア！ 第11話 Part1
スマイルプリキュア！ 第10話 Part16
スマイルプリキュア！ 第10話 Part15
スマイルプリキュア！ 第10話 Part14
スマイルプリキュア！ 第10話 Part13
スマイルプリキュア！ 第10話 Part12
スマイルプリキュア！ 第10話 Part11
スマイルプリキュア！ 第10話 Part10
スマイルプリキュア！ 第10話 Part9
スマイルプリキュア！ 第10話 Part8
スマイルプリキュア！ 第10話 Part7
スマイルプリキュア！ 第10話 Part6
スマイルプリキュア！ 第10話 Part5
スマイルプリキュア！ 第10話 Part4
スマイルプリキュア！ 第10話 Part3
スマイルプリキュア！ 第10話 Part2
スマイルプリキュア！ 第10話 Part1
スマイルプリキュア！大反省会
スマイルプリキュア！ 第9話 その16
スマイルプリキュア！ 第9話 その15
スマイルプリキュア！ 第9話 その14
スマイルプリキュア！ 第9話 その13
スマイルプリキュア！ 第9話 その12
スマイルプリキュア！ 第9話 その11
スマイルプリキュア！ 第9話 その10
スマイルプリキュア！ 第9話 その9
スマイルプリキュア！ 第9話 その8
スマイルプリキュア！ 第9話 その7
スマイルプリキュア！ 第9話 その6
スマイルプリキュア！ 第9話 その6
スマイルプリキュア　超マターリスレ
スマイルプリキュア！ 第9話 その5
スマイルプリキュア！ 第9話 その4
スマイルプリキュア！ 第9話 その3
スマイルプリキュア！ 第9話 その2
スマイルプリキュア！ 第9話 その1
スマイルプリキュア！ 第8話 その16
スマイルプリキュア！ 第8話 その15
スマイルプリキュア！ 第8話 その14
スマイルプリキュア！ 第8話 その13
スマイルプリキュア！ 第8話 その12
スマイルプリキュア！ 第8話 その11
ニワカが通ぶってスマイルプリキュア実況
スマイルプリキュア！ 第8話 その10
スマイルプリキュア！ 第8話 その9
スマイルプリキュア！ 第8話 その5
スマイルプリキュア！ 第8話 その8
スマイルプリキュア！ 第8話 その7
【超マターリ】スマイルプリキュア【sage】
スマイルプリキュア！ 第8話 その6
スマイルプリキュア！ 第8話 その5
スマイルプリキュア！ 第8話 その4
スマイルプリキュア！ 第8話 その3
スマイルプリキュア！ 第8話 その2
スマイルプリキュア！ 第8話 その1
スマイルプリキュア！ 第7話 Part17
スマイルプリキュア！ 第7話 Part14
スマイルプリキュア！ 第7話 Part16
スマイルプリキュア！ 第7話 Part12
スマイルプリキュア！ 第7話 Part6
スマイルプリキュア！ 第7話 Part15
スマイルプリキュア！ 第7話 Part14
スマイルプリキュア！ 第7話 Part13
スマイルプリキュア！ 第7話 Part9
スマイルプリキュア！ 第7話 Part12
スマイルプリキュア！ 第7話 Part11
スマイルプリキュア！ 第7話 Part7
スマイルプリキュア！ 第7話 Part2
スマイルプリキュア！ 第7話 Part10
スマイルプリキュア！ 第7話 Part9
スマイルプリキュア！ 第7話 Part8
スマイルプリキュア！ 第7話 Part7
スマイルプリキュア！ 第7話 Part5
スマイルプリキュア！ 第7話 その4
スマイルプリキュア！ 第7話 その3
スマイルプリキュア！ 第7話 その2
スマイルプリキュア！ 第7話 その6
スマイルプリキュア！ 第7話 その5
スマイルプリキュア！ 第7話 その4
スマイルプリキュア！ 第7話 その3
スマイルプリキュア！ 第7話 その2
スマイルプリキュア！ 第7話 Part1
スマイルプリキュア! 第6回 ★19
スマイルプリキュア! 第6回 ★18
スマイルプリキュア! 第6回 ★17
スマイルプリキュア! 第6回 ★17
スマイルプリキュア! 第6回 ★16
スマイルプリキュア! 第6回 ★15
スマイルプリキュア! 第6回 ★15
スマイルプリキュア! 第6回 ★14
スマイルプリキュア! 第6回 ★13
スマイルプリキュア! 第6回 ★12
スマイルプリキュア! 第6回 ★11
スマイルプリキュア! 第6回 ★10
スマイルプリキュア! 第6回 ★9
スマイルプリキュア! 第6回 ★8
スマイルプリキュア! 第6回 ★7
【超マターリsage】スマイルプリキュア! 第6回 ★1
スマイルプリキュア! 第6回 ★6
スマイルプリキュア! 第6回 ★5
スマイルプリキュア! 第6回 ★4
スマイルプリキュア! 第6回 ★3
スマイルプリキュア! 第6回 ★2
スマイルプリキュア! 第6回 ★1
スマイルプリキュア！ 第5話 その19
スマイルプリキュア！ 第5話 その18
スマイルプリキュア！ 第5話 その14
スマイルプリキュア！ 第5話 その17
スマイルプリキュア！ 第5話 その16
スマイルプリキュア！ 第5話 その15
スマイルプリキュア！ 第5話 その14
スマイルプリキュア！ 第5話 その13
スマイルプリキュア！ 第5話 その12
スマイルプリキュア！ 第5話 その11
スマイルプリキュア！ 第5話 その10
スマイルプリキュア！ 第5話 その9
スマイルプリキュア！ 第5話 その8
スマイルプリキュア！ 第5話 その7
【超マタ】スマイルプリキュア
スマイルプリキュア！ 第5話 その6
スマイルプリキュア！ 第5話 その5
スマイルプリキュア！ 第5話 その4
スマイルプリキュア！ 第5話 その3
スマイルプリキュア！ 第5話 その2
スマイルプリキュア！ 第5話 その1
スマイルプリキュア大反省会
スマイルプリキュア！ 第4話 Part18
スマイルプリキュア！ 第4話 Part17
スマイルプリキュア！ 第4話 Part16
スマイルプリキュア！ 第4話 Part15
スマイルプリキュア！ 第4話 Part14
スマイルプリキュア！ 第4話 Part13
スマイルプリキュア！ 第4話 Part12
スマイルプリキュア！ 第4話 Part11
スマイルプリキュア！ 第4話 Part10
スマイルプリキュア！ 第4話 Part9
スマイルプリキュア！ 第4話 Part8
スマイルプリキュア！ 第4話 Part7
スマイルプリキュア！ 第4話 Part6
スマイルプリキュア！ 第4話 Part5
スマイルプリキュア！ 第4話 Part4
スマイルプリキュア！ 第4話 Part3
スマイルプリキュア！ 第4話 Part2
スマイルプリキュア！ 第4話 Part2
スマイルプリキュア！ 第4話 Part1
スマイルプリキュア！ 反省会
スマイルプリキュア！　第3話　反省会
スマイルプリキュア！　第3話　その18
スマイルプリキュア！　第3話　その18
スマイルプリキュア！　第3話　その17
スマイルプリキュア！　第3話　その16
スマイルプリキュア！　第3話　その16
スマイルプリキュア！　第3話　その15
スマイルプリキュア！　第3話　その14
スマイルプリキュア！　第3話　その13
スマイルプリキュア！　第3話　その12
スマイルプリキュア！　第3話　その11
【超マタ】スマイルプリキュア【sage】
スマイルプリキュア！　第3話　その10
スマイルプリキュア！　第3話　その9
スマイルプリキュア！　第3話　その8
スマイルプリキュア！　第3話　その2
スマイルプリキュア！　第3話　その7
スマイルプリキュア！　第3話　その7
スマイルプリキュア！　第3話　その6
スマイルプリキュア！　第3話　その5
スマイルプリキュア！　第3話　その4
スマイルプリキュア！　第3話　その3
スマイルプリキュア！　第3話　その2
スマイルプリキュア！　第3話　その1
スマイルプリキュア！　第2話　その16
スマイルプリキュア！　第2話　その15
スマイルプリキュア！　第2話　その14
スマイルプリキュア！　第2話　その13
スマイルプリキュア！　第2話　その12
スマイルプリキュア！　第2話　その11
スマイルプリキュア！　第2話　その10
スマイルプリキュア！　第2話　その9
スマイルプリキュア！　第2話　その9
スマイルプリキュア！　第2話　その8
スマイルプリキュア！　第2話　その7
スマイルプリキュア！　第2話　その6
スマイルプリキュア！　第2話　その5
スマイルプリキュア！　第2話　その4
スマイルプリキュア！　第2話　その3
スマイルプリキュア！　第2話　その2
スマイルプリキュア！　第2話　その1
スマイルプリキュア反省会
スマイルプリキュア！第1話　Part17
スマイルプリキュア！第1話　Part16
スマイルプリキュア！第1話　Part15
スマイルプリキュア！第1話　Part14
スマイルプリキュア！第1話　Part13
スマイルプリキュア！第1話　Part12
スマイルプリキュア！第1話　Part11
スマイルプリキュア！第1話　Part8
スマイルプリキュア！第1話　Part10
スマイルプリキュア！第1話　Part9
スマイルプリキュア！第1話　Part6
スマイルプリキュア！第1話　Part8
スマイルプリキュア！第1話　Part5
スマイルプリキュア！第1話　Part7
スマイルプリキュア！第1話　Part6
スマイルプリキュア！第1話　Part5
スマイルプリキュア！第1話　Part4
スマイルプリキュア！第1話　Part3
スマイルプリキュア！第1話　Part2
【新】スマイルプリキュア！第1話　Part6
【新】スマイルプリキュア！第1話　Part5
【新】スマイルプリキュア！第1話　Part4
【新】スマイルプリキュア！第1話　Part3
【新】スマイルプリキュア！第1話　Part2
【スマイルプリキュア】キュアマーチ専用
【新】　スマイルプリキュア！第1話　Part1
スマイルプリキュア！第1話　Part1
スマイルプリキュア！ 第0話
スマイルプリキュアに期待するスレ
スマイルプリキュア　は　じ　ま　っ　た　な
[新] スマイルプリキュア！
